<?xml version="1.0" encoding="UTF-8"?>
<!-- Generated by org.testng.reporters.JUnitXMLReporter -->
<testsuite ignored="0" hostname="DESKTOP-58C21UF" failures="0" tests="3" name="Default test" time="0.224" errors="0" timestamp="2022-01-29T23:03:22 IST">
  <testcase classname="test.TestNGActiTimeHeader" name="@BeforeTest launchBrowser" time="-1.643477602074E9">
    <failure type="org.testng.TestNGException" message="
Parameter &amp;apos;browser&amp;apos; is required by BeforeTest on method launchBrowser but has not been marked @Optional or defined
in C:\Users\Vicky\AppData\Local\Temp\testng-eclipse-444240326\testng-customsuite.xml">
      <![CDATA[org.testng.TestNGException: 
Parameter 'browser' is required by BeforeTest on method launchBrowser but has not been marked @Optional or defined
in C:\Users\Vicky\AppData\Local\Temp\testng-eclipse-444240326\testng-customsuite.xml
at org.testng.internal.Parameters.createParams(Parameters.java:270)
at org.testng.internal.Parameters.createParametersForMethod(Parameters.java:358)
at org.testng.internal.Parameters.createParameters(Parameters.java:700)
at org.testng.internal.Parameters.createConfigurationParameters(Parameters.java:168)
at org.testng.internal.ConfigInvoker.invokeConfigurations(ConfigInvoker.java:302)
at org.testng.TestRunner.invokeTestConfigurations(TestRunner.java:637)
at org.testng.TestRunner.beforeRun(TestRunner.java:627)
at org.testng.TestRunner.run(TestRunner.java:589)
at org.testng.SuiteRunner.runTest(SuiteRunner.java:377)
at org.testng.SuiteRunner.runSequentially(SuiteRunner.java:371)
at org.testng.SuiteRunner.privateRun(SuiteRunner.java:332)
at org.testng.SuiteRunner.run(SuiteRunner.java:276)
at org.testng.SuiteRunnerWorker.runSuite(SuiteRunnerWorker.java:53)
at org.testng.SuiteRunnerWorker.run(SuiteRunnerWorker.java:96)
at org.testng.TestNG.runSuitesSequentially(TestNG.java:1212)
at org.testng.TestNG.runSuitesLocally(TestNG.java:1134)
at org.testng.TestNG.runSuites(TestNG.java:1063)
at org.testng.TestNG.run(TestNG.java:1031)
at org.testng.remote.AbstractRemoteTestNG.run(AbstractRemoteTestNG.java:115)
at org.testng.remote.RemoteTestNG.initAndRun(RemoteTestNG.java:251)
at org.testng.remote.RemoteTestNG.main(RemoteTestNG.java:77)
]]>
    </failure>
  </testcase> <!-- @BeforeTest launchBrowser -->
  <testcase classname="test.TestNGActiTimeHeader" name="@BeforeClass initiationPomClasses" time="-1.643477602132E9">
    <skipped/>
  </testcase> <!-- @BeforeClass initiationPomClasses -->
  <testcase classname="test.TestNGActiTimeHeader" name="@BeforeMethod launchActiTime" time="-1.643477602161E9">
    <skipped/>
  </testcase> <!-- @BeforeMethod launchActiTime -->
  <testcase classname="test.TestNGActiTimeHeader" name="@AfterMethod logoutFromActiTime" time="-1.643477602181E9">
    <skipped/>
  </testcase> <!-- @AfterMethod logoutFromActiTime -->
  <testcase classname="test.TestNGActiTimeHeader" name="@BeforeMethod launchActiTime" time="-1.643477602189E9">
    <skipped/>
  </testcase> <!-- @BeforeMethod launchActiTime -->
  <testcase classname="test.TestNGActiTimeHeader" name="@AfterMethod logoutFromActiTime" time="-1.643477602207E9">
    <skipped/>
  </testcase> <!-- @AfterMethod logoutFromActiTime -->
  <testcase classname="test.TestNGActiTimeHeader" name="@BeforeMethod launchActiTime" time="-1.643477602211E9">
    <skipped/>
  </testcase> <!-- @BeforeMethod launchActiTime -->
  <testcase classname="test.TestNGActiTimeHeader" name="@AfterMethod logoutFromActiTime" time="-1.643477602228E9">
    <skipped/>
  </testcase> <!-- @AfterMethod logoutFromActiTime -->
  <testcase classname="test.TestNGActiTimeHeader" name="@AfterClass clearObjects" time="-1.643477602259E9">
    <skipped/>
  </testcase> <!-- @AfterClass clearObjects -->
  <testcase classname="test.TestNGActiTimeHeader" name="@AfterTest afterClass" time="-1.643477602285E9">
    <skipped/>
  </testcase> <!-- @AfterTest afterClass -->
  <testcase classname="test.TestNGActiTimeHeader" name="toVerifyReportTab" time="0.0">
    <skipped/>
  </testcase> <!-- toVerifyReportTab -->
  <testcase classname="test.TestNGActiTimeHeader" name="toVerifyTaskTab" time="0.0">
    <skipped/>
  </testcase> <!-- toVerifyTaskTab -->
  <testcase classname="test.TestNGActiTimeHeader" name="toVerifyUserTab" time="0.0">
    <skipped/>
  </testcase> <!-- toVerifyUserTab -->
</testsuite> <!-- Default test -->
