<?xml version="1.0" encoding="UTF-8"?>
<!-- Generated by org.testng.reporters.JUnitXMLReporter -->
<testsuite ignored="0" hostname="DESKTOP-58C21UF" failures="0" tests="3" name="FirefoxTest" time="0.135" errors="0" timestamp="2022-01-25T22:44:36 IST">
  <testcase classname="test.TestNGActiTimeHeader" name="@BeforeTest launchBrowser" time="0.031">
    <failure type="org.openqa.selenium.WebDriverException" message="Cannot find firefox binary in PATH. Make sure firefox is installed. OS appears to be: WIN10
Build info: version: &amp;apos;3.141.59&amp;apos;, revision: &amp;apos;e82be7d358&amp;apos;, time: &amp;apos;2018-11-14T08:17:03&amp;apos;
System info: host: &amp;apos;DESKTOP-58C21UF&amp;apos;, ip: &amp;apos;192.168.9.240&amp;apos;, os.name: &amp;apos;Windows 10&amp;apos;, os.arch: &amp;apos;amd64&amp;apos;, os.version: &amp;apos;10.0&amp;apos;, java.version: &amp;apos;16.0.2&amp;apos;
Driver info: driver.version: FirefoxDriver">
      <![CDATA[org.openqa.selenium.WebDriverException: Cannot find firefox binary in PATH. Make sure firefox is installed. OS appears to be: WIN10
Build info: version: '3.141.59', revision: 'e82be7d358', time: '2018-11-14T08:17:03'
System info: host: 'DESKTOP-58C21UF', ip: '192.168.9.240', os.name: 'Windows 10', os.arch: 'amd64', os.version: '10.0', java.version: '16.0.2'
Driver info: driver.version: FirefoxDriver
at org.openqa.selenium.firefox.FirefoxBinary.<init>(FirefoxBinary.java:100)
at java.base/java.util.Optional.orElseGet(Optional.java:364)
at org.openqa.selenium.firefox.FirefoxOptions.getBinary(FirefoxOptions.java:216)
at org.openqa.selenium.firefox.FirefoxDriver.toExecutor(FirefoxDriver.java:187)
at org.openqa.selenium.firefox.FirefoxDriver.<init>(FirefoxDriver.java:147)
at org.openqa.selenium.firefox.FirefoxDriver.<init>(FirefoxDriver.java:125)
at base.Base.openFirefoxDriver(Base.java:18)
at test.TestNGActiTimeHeader.launchBrowser(TestNGActiTimeHeader.java:45)
... Removed 24 stack frames]]>
    </failure>
  </testcase> <!-- @BeforeTest launchBrowser -->
  <testcase classname="test.TestNGActiTimeHeader" name="@BeforeClass initiationPomClasses" time="-1.643130876232E9">
    <skipped/>
  </testcase> <!-- @BeforeClass initiationPomClasses -->
  <testcase classname="test.TestNGActiTimeHeader" name="@BeforeMethod launchActiTime" time="-1.643130876238E9">
    <skipped/>
  </testcase> <!-- @BeforeMethod launchActiTime -->
  <testcase classname="test.TestNGActiTimeHeader" name="@AfterMethod logoutFromActiTime" time="-1.643130876252E9">
    <skipped/>
  </testcase> <!-- @AfterMethod logoutFromActiTime -->
  <testcase classname="test.TestNGActiTimeHeader" name="@BeforeMethod launchActiTime" time="-1.643130876256E9">
    <skipped/>
  </testcase> <!-- @BeforeMethod launchActiTime -->
  <testcase classname="test.TestNGActiTimeHeader" name="@AfterMethod logoutFromActiTime" time="-1.643130876272E9">
    <skipped/>
  </testcase> <!-- @AfterMethod logoutFromActiTime -->
  <testcase classname="test.TestNGActiTimeHeader" name="@BeforeMethod launchActiTime" time="-1.643130876279E9">
    <skipped/>
  </testcase> <!-- @BeforeMethod launchActiTime -->
  <testcase classname="test.TestNGActiTimeHeader" name="@AfterMethod logoutFromActiTime" time="-1.643130876299E9">
    <skipped/>
  </testcase> <!-- @AfterMethod logoutFromActiTime -->
  <testcase classname="test.TestNGActiTimeHeader" name="@AfterClass clearObjects" time="-1.643130876303E9">
    <skipped/>
  </testcase> <!-- @AfterClass clearObjects -->
  <testcase classname="test.TestNGActiTimeHeader" name="@AfterTest afterClass" time="-1.643130876307E9">
    <skipped/>
  </testcase> <!-- @AfterTest afterClass -->
  <testcase classname="test.TestNGActiTimeHeader" name="toVerifyReportTab" time="0.0">
    <skipped/>
  </testcase> <!-- toVerifyReportTab -->
  <testcase classname="test.TestNGActiTimeHeader" name="toVerifyTaskTab" time="0.0">
    <skipped/>
  </testcase> <!-- toVerifyTaskTab -->
  <testcase classname="test.TestNGActiTimeHeader" name="toVerifyUserTab" time="0.0">
    <skipped/>
  </testcase> <!-- toVerifyUserTab -->
</testsuite> <!-- FirefoxTest -->
