<?xml version="1.0" encoding="UTF-8"?>
<!-- Generated by org.testng.reporters.JUnitXMLReporter -->
<testsuite ignored="0" hostname="DESKTOP-58C21UF" failures="0" tests="3" name="Test" time="0.213" errors="0" timestamp="2022-02-05T13:32:38 IST">
  <testcase classname="test.TestNGActiTimeHeader" name="@BeforeTest launchBrowser" time="-1.644048157952E9">
    <failure type="org.testng.TestNGException" message="
Parameter &amp;apos;browser&amp;apos; is required by BeforeTest on method launchBrowser but has not been marked @Optional or defined
in V:\Automation\Actitime-Application\testng.xml">
      <![CDATA[org.testng.TestNGException: 
Parameter 'browser' is required by BeforeTest on method launchBrowser but has not been marked @Optional or defined
in V:\Automation\Actitime-Application\testng.xml
... Removed 21 stack frames]]>
    </failure>
  </testcase> <!-- @BeforeTest launchBrowser -->
  <testcase classname="test.TestNGActiTimeHeader" name="@BeforeClass initiationPomClasses" time="-1.644048158012E9">
    <skipped/>
  </testcase> <!-- @BeforeClass initiationPomClasses -->
  <testcase classname="test.TestNGActiTimeHeader" name="@BeforeMethod launchActiTime" time="-1.644048158044E9">
    <skipped/>
  </testcase> <!-- @BeforeMethod launchActiTime -->
  <testcase classname="test.TestNGActiTimeHeader" name="@AfterMethod logoutFromActiTime" time="-1.644048158065E9">
    <skipped/>
  </testcase> <!-- @AfterMethod logoutFromActiTime -->
  <testcase classname="test.TestNGActiTimeHeader" name="@BeforeMethod launchActiTime" time="-1.644048158078E9">
    <skipped/>
  </testcase> <!-- @BeforeMethod launchActiTime -->
  <testcase classname="test.TestNGActiTimeHeader" name="@AfterMethod logoutFromActiTime" time="-1.644048158091E9">
    <skipped/>
  </testcase> <!-- @AfterMethod logoutFromActiTime -->
  <testcase classname="test.TestNGActiTimeHeader" name="@BeforeMethod launchActiTime" time="-1.644048158099E9">
    <skipped/>
  </testcase> <!-- @BeforeMethod launchActiTime -->
  <testcase classname="test.TestNGActiTimeHeader" name="@AfterMethod logoutFromActiTime" time="-1.644048158113E9">
    <skipped/>
  </testcase> <!-- @AfterMethod logoutFromActiTime -->
  <testcase classname="test.TestNGActiTimeHeader" name="@AfterClass clearObjects" time="-1.644048158128E9">
    <skipped/>
  </testcase> <!-- @AfterClass clearObjects -->
  <testcase classname="test.TestNGActiTimeHeader" name="@AfterTest afterClass" time="-1.644048158136E9">
    <skipped/>
  </testcase> <!-- @AfterTest afterClass -->
  <testcase classname="test.TestNGActiTimeHeader" name="toVerifyReportTab" time="0.0">
    <skipped/>
  </testcase> <!-- toVerifyReportTab -->
  <testcase classname="test.TestNGActiTimeHeader" name="toVerifyTaskTab" time="0.0">
    <skipped/>
  </testcase> <!-- toVerifyTaskTab -->
  <testcase classname="test.TestNGActiTimeHeader" name="toVerifyUserTab" time="0.0">
    <skipped/>
  </testcase> <!-- toVerifyUserTab -->
</testsuite> <!-- Test -->
