<!DOCTYPE html PUBLIC "-//W3C//DTD XHTML 1.1//EN" "https://www.w3.org/TR/xhtml11/DTD/xhtml11.dtd">
<html xmlns="https://www.w3.org/1999/xhtml">
<head>
<meta http-equiv="content-type" content="text/html; charset=UTF-8"/>
<title>TestNG Report</title>
<style type="text/css">table {margin-bottom:10px;border-collapse:collapse;empty-cells:show}th,td {border:1px solid #009;padding:.25em .5em}th {vertical-align:bottom}td {vertical-align:top}table a {font-weight:bold}.stripe td {background-color: #E6EBF9}.num {text-align:right}.passedodd td {background-color: #3F3}.passedeven td {background-color: #0A0}.skippedodd td {background-color: #DDD}.skippedeven td {background-color: #CCC}.failedodd td,.attn {background-color: #F33}.failedeven td,.stripe .attn {background-color: #D00}.stacktrace {white-space:pre;font-family:monospace}.totop {font-size:85%;text-align:center;border-bottom:2px solid #000}.invisible {display:none}</style>
</head>
<body>
<table>
<tr><th>Test</th><th># Passed</th><th># Skipped</th><th># Retried</th><th># Failed</th><th>Time (ms)</th><th>Included Groups</th><th>Excluded Groups</th></tr>
<tr><th colspan="8">Suite</th></tr>
<tr><td><a href="#t0">Test</a></td><td class="num">0</td><td class="num attn">3</td><td class="num">0</td><td class="num">0</td><td class="num">213</td><td></td><td></td></tr>
</table>
<table id='summary'><thead><tr><th>Class</th><th>Method</th><th>Start</th><th>Time (ms)</th></tr></thead><tbody><tr><th colspan="4">Suite</th></tr></tbody><tbody id="t0"><tr><th colspan="4">Test &#8212; failed (configuration methods)</th></tr><tr class="failedeven"><td rowspan="1">test.TestNGActiTimeHeader</td><td><a href="#m0">launchBrowser</a></td><td rowspan="1">1644048157952</td><td rowspan="1">-1644048157952</td></tr><tr><th colspan="4">Test &#8212; skipped (configuration methods)</th></tr><tr class="skippedeven"><td rowspan="9">test.TestNGActiTimeHeader</td><td><a href="#m1">afterClass</a></td><td rowspan="1">1644048158136</td><td rowspan="1">-1644048158136</td></tr><tr class="skippedeven"><td><a href="#m2">clearObjects</a></td><td rowspan="1">1644048158128</td><td rowspan="1">-1644048158128</td></tr><tr class="skippedeven"><td><a href="#m3">initiationPomClasses</a></td><td rowspan="1">1644048158012</td><td rowspan="1">-1644048158012</td></tr><tr class="skippedeven"><td><a href="#m4">launchActiTime</a></td><td rowspan="3">1644048158078</td><td rowspan="3">-1644048158078</td></tr><tr class="skippedeven"><td><a href="#m5">launchActiTime</a></td></tr><tr class="skippedeven"><td><a href="#m6">launchActiTime</a></td></tr><tr class="skippedeven"><td><a href="#m7">logoutFromActiTime</a></td><td rowspan="3">1644048158091</td><td rowspan="3">-1644048158091</td></tr><tr class="skippedeven"><td><a href="#m8">logoutFromActiTime</a></td></tr><tr class="skippedeven"><td><a href="#m9">logoutFromActiTime</a></td></tr><tr><th colspan="4">Test &#8212; skipped</th></tr><tr class="skippedeven"><td rowspan="3">test.TestNGActiTimeHeader</td><td><a href="#m10">toVerifyReportTab</a></td><td rowspan="1">1644048158053</td><td rowspan="1">0</td></tr><tr class="skippedeven"><td><a href="#m11">toVerifyTaskTab</a></td><td rowspan="1">1644048158082</td><td rowspan="1">0</td></tr><tr class="skippedeven"><td><a href="#m12">toVerifyUserTab</a></td><td rowspan="1">1644048158101</td><td rowspan="1">0</td></tr></tbody>
</table>
<h2>Test</h2><h3 id="m0">test.TestNGActiTimeHeader#launchBrowser</h3><table class="result"><tr><th>Exception</th></tr><tr><td><div class="stacktrace">org.testng.TestNGException: 
Parameter &apos;browser&apos; is required by BeforeTest on method launchBrowser but has not been marked @Optional or defined
in V:\Automation\Actitime-Application\testng.xml
... Removed 21 stack frames</div></td></tr></table><p class="totop"><a href="#summary">back to summary</a></p>
<h3 id="m1">test.TestNGActiTimeHeader#afterClass</h3><table class="result"><tr><th class="invisible"/></tr></table><p class="totop"><a href="#summary">back to summary</a></p>
<h3 id="m2">test.TestNGActiTimeHeader#clearObjects</h3><table class="result"><tr><th class="invisible"/></tr></table><p class="totop"><a href="#summary">back to summary</a></p>
<h3 id="m3">test.TestNGActiTimeHeader#initiationPomClasses</h3><table class="result"><tr><th class="invisible"/></tr></table><p class="totop"><a href="#summary">back to summary</a></p>
<h3 id="m4">test.TestNGActiTimeHeader#launchActiTime</h3><table class="result"><tr><th class="invisible"/></tr></table><p class="totop"><a href="#summary">back to summary</a></p>
<h3 id="m5">test.TestNGActiTimeHeader#launchActiTime</h3><table class="result"><tr><th class="invisible"/></tr></table><p class="totop"><a href="#summary">back to summary</a></p>
<h3 id="m6">test.TestNGActiTimeHeader#launchActiTime</h3><table class="result"><tr><th class="invisible"/></tr></table><p class="totop"><a href="#summary">back to summary</a></p>
<h3 id="m7">test.TestNGActiTimeHeader#logoutFromActiTime</h3><table class="result"><tr><th class="invisible"/></tr></table><p class="totop"><a href="#summary">back to summary</a></p>
<h3 id="m8">test.TestNGActiTimeHeader#logoutFromActiTime</h3><table class="result"><tr><th class="invisible"/></tr></table><p class="totop"><a href="#summary">back to summary</a></p>
<h3 id="m9">test.TestNGActiTimeHeader#logoutFromActiTime</h3><table class="result"><tr><th class="invisible"/></tr></table><p class="totop"><a href="#summary">back to summary</a></p>
<h3 id="m10">test.TestNGActiTimeHeader#toVerifyReportTab</h3><table class="result"><tr><th>Exception</th></tr><tr><td><div class="stacktrace">org.testng.TestNGException: 
Parameter &apos;browser&apos; is required by BeforeTest on method launchBrowser but has not been marked @Optional or defined
in V:\Automation\Actitime-Application\testng.xml
... Removed 21 stack frames</div></td></tr></table><p class="totop"><a href="#summary">back to summary</a></p>
<h3 id="m11">test.TestNGActiTimeHeader#toVerifyTaskTab</h3><table class="result"><tr><th>Exception</th></tr><tr><td><div class="stacktrace">org.testng.TestNGException: 
Parameter &apos;browser&apos; is required by BeforeTest on method launchBrowser but has not been marked @Optional or defined
in V:\Automation\Actitime-Application\testng.xml
... Removed 21 stack frames</div></td></tr></table><p class="totop"><a href="#summary">back to summary</a></p>
<h3 id="m12">test.TestNGActiTimeHeader#toVerifyUserTab</h3><table class="result"><tr><th>Exception</th></tr><tr><td><div class="stacktrace">org.testng.TestNGException: 
Parameter &apos;browser&apos; is required by BeforeTest on method launchBrowser but has not been marked @Optional or defined
in V:\Automation\Actitime-Application\testng.xml
... Removed 21 stack frames</div></td></tr></table><p class="totop"><a href="#summary">back to summary</a></p>
</body>
</html>
