<?xml version="1.0" encoding="UTF-8"?>
<testng-results ignored="0" total="3" passed="0" failed="0" skipped="3">
  <reporter-output>
  </reporter-output>
  <suite started-at="2022-02-05T13:32:37 IST" name="Suite" finished-at="2022-02-05T13:32:38 IST" duration-ms="213">
    <groups>
    </groups>
    <test started-at="2022-02-05T13:32:37 IST" name="Test" finished-at="2022-02-05T13:32:38 IST" duration-ms="213">
      <class name="test.TestNGActiTimeHeader">
        <test-method is-config="true" signature="launchBrowser(java.lang.String)[pri:0, instance:test.TestNGActiTimeHeader@5e82df6a]" started-at="2022-02-05T13:32:37 IST" name="launchBrowser" finished-at="1970-01-01T05:30:00 IST" duration-ms="-1644048157952" status="FAIL">
          <exception class="org.testng.TestNGException">
            <message>
              <![CDATA[
Parameter 'browser' is required by BeforeTest on method launchBrowser but has not been marked @Optional or defined
in V:\Automation\Actitime-Application\testng.xml]]>
            </message>
            <full-stacktrace>
              <![CDATA[org.testng.TestNGException: 
Parameter 'browser' is required by BeforeTest on method launchBrowser but has not been marked @Optional or defined
in V:\Automation\Actitime-Application\testng.xml
at org.testng.internal.Parameters.createParams(Parameters.java:270)
at org.testng.internal.Parameters.createParametersForMethod(Parameters.java:358)
at org.testng.internal.Parameters.createParameters(Parameters.java:700)
at org.testng.internal.Parameters.createConfigurationParameters(Parameters.java:168)
at org.testng.internal.ConfigInvoker.invokeConfigurations(ConfigInvoker.java:302)
at org.testng.TestRunner.invokeTestConfigurations(TestRunner.java:637)
at org.testng.TestRunner.beforeRun(TestRunner.java:627)
at org.testng.TestRunner.run(TestRunner.java:589)
at org.testng.SuiteRunner.runTest(SuiteRunner.java:377)
at org.testng.SuiteRunner.runSequentially(SuiteRunner.java:371)
at org.testng.SuiteRunner.privateRun(SuiteRunner.java:332)
at org.testng.SuiteRunner.run(SuiteRunner.java:276)
at org.testng.SuiteRunnerWorker.runSuite(SuiteRunnerWorker.java:53)
at org.testng.SuiteRunnerWorker.run(SuiteRunnerWorker.java:96)
at org.testng.TestNG.runSuitesSequentially(TestNG.java:1212)
at org.testng.TestNG.runSuitesLocally(TestNG.java:1134)
at org.testng.TestNG.runSuites(TestNG.java:1063)
at org.testng.TestNG.run(TestNG.java:1031)
at org.testng.remote.AbstractRemoteTestNG.run(AbstractRemoteTestNG.java:115)
at org.testng.remote.RemoteTestNG.initAndRun(RemoteTestNG.java:251)
at org.testng.remote.RemoteTestNG.main(RemoteTestNG.java:77)
]]>
            </full-stacktrace>
          </exception> <!-- org.testng.TestNGException -->
          <reporter-output>
          </reporter-output>
        </test-method> <!-- launchBrowser -->
        <test-method is-config="true" signature="initiationPomClasses()[pri:0, instance:test.TestNGActiTimeHeader@5e82df6a]" started-at="2022-02-05T13:32:38 IST" name="initiationPomClasses" finished-at="1970-01-01T05:30:00 IST" duration-ms="-1644048158012" status="SKIP">
          <reporter-output>
          </reporter-output>
        </test-method> <!-- initiationPomClasses -->
        <test-method is-config="true" signature="launchActiTime()[pri:0, instance:test.TestNGActiTimeHeader@5e82df6a]" started-at="2022-02-05T13:32:38 IST" name="launchActiTime" finished-at="1970-01-01T05:30:00 IST" duration-ms="-1644048158044" status="SKIP">
          <reporter-output>
          </reporter-output>
        </test-method> <!-- launchActiTime -->
        <test-method signature="toVerifyReportTab()[pri:0, instance:test.TestNGActiTimeHeader@5e82df6a]" started-at="2022-02-05T13:32:38 IST" name="toVerifyReportTab" finished-at="2022-02-05T13:32:38 IST" duration-ms="0" status="SKIP">
          <exception class="org.testng.TestNGException">
            <message>
              <![CDATA[
Parameter 'browser' is required by BeforeTest on method launchBrowser but has not been marked @Optional or defined
in V:\Automation\Actitime-Application\testng.xml]]>
            </message>
            <full-stacktrace>
              <![CDATA[org.testng.TestNGException: 
Parameter 'browser' is required by BeforeTest on method launchBrowser but has not been marked @Optional or defined
in V:\Automation\Actitime-Application\testng.xml
at org.testng.internal.Parameters.createParams(Parameters.java:270)
at org.testng.internal.Parameters.createParametersForMethod(Parameters.java:358)
at org.testng.internal.Parameters.createParameters(Parameters.java:700)
at org.testng.internal.Parameters.createConfigurationParameters(Parameters.java:168)
at org.testng.internal.ConfigInvoker.invokeConfigurations(ConfigInvoker.java:302)
at org.testng.TestRunner.invokeTestConfigurations(TestRunner.java:637)
at org.testng.TestRunner.beforeRun(TestRunner.java:627)
at org.testng.TestRunner.run(TestRunner.java:589)
at org.testng.SuiteRunner.runTest(SuiteRunner.java:377)
at org.testng.SuiteRunner.runSequentially(SuiteRunner.java:371)
at org.testng.SuiteRunner.privateRun(SuiteRunner.java:332)
at org.testng.SuiteRunner.run(SuiteRunner.java:276)
at org.testng.SuiteRunnerWorker.runSuite(SuiteRunnerWorker.java:53)
at org.testng.SuiteRunnerWorker.run(SuiteRunnerWorker.java:96)
at org.testng.TestNG.runSuitesSequentially(TestNG.java:1212)
at org.testng.TestNG.runSuitesLocally(TestNG.java:1134)
at org.testng.TestNG.runSuites(TestNG.java:1063)
at org.testng.TestNG.run(TestNG.java:1031)
at org.testng.remote.AbstractRemoteTestNG.run(AbstractRemoteTestNG.java:115)
at org.testng.remote.RemoteTestNG.initAndRun(RemoteTestNG.java:251)
at org.testng.remote.RemoteTestNG.main(RemoteTestNG.java:77)
]]>
            </full-stacktrace>
          </exception> <!-- org.testng.TestNGException -->
          <reporter-output>
          </reporter-output>
        </test-method> <!-- toVerifyReportTab -->
        <test-method is-config="true" signature="logoutFromActiTime(org.testng.ITestResult)[pri:0, instance:test.TestNGActiTimeHeader@5e82df6a]" started-at="2022-02-05T13:32:38 IST" name="logoutFromActiTime" finished-at="1970-01-01T05:30:00 IST" duration-ms="-1644048158065" status="SKIP">
          <reporter-output>
          </reporter-output>
        </test-method> <!-- logoutFromActiTime -->
        <test-method is-config="true" signature="launchActiTime()[pri:0, instance:test.TestNGActiTimeHeader@5e82df6a]" started-at="2022-02-05T13:32:38 IST" name="launchActiTime" finished-at="1970-01-01T05:30:00 IST" duration-ms="-1644048158078" status="SKIP">
          <reporter-output>
          </reporter-output>
        </test-method> <!-- launchActiTime -->
        <test-method signature="toVerifyTaskTab()[pri:0, instance:test.TestNGActiTimeHeader@5e82df6a]" started-at="2022-02-05T13:32:38 IST" name="toVerifyTaskTab" finished-at="2022-02-05T13:32:38 IST" duration-ms="0" status="SKIP">
          <exception class="org.testng.TestNGException">
            <message>
              <![CDATA[
Parameter 'browser' is required by BeforeTest on method launchBrowser but has not been marked @Optional or defined
in V:\Automation\Actitime-Application\testng.xml]]>
            </message>
            <full-stacktrace>
              <![CDATA[org.testng.TestNGException: 
Parameter 'browser' is required by BeforeTest on method launchBrowser but has not been marked @Optional or defined
in V:\Automation\Actitime-Application\testng.xml
at org.testng.internal.Parameters.createParams(Parameters.java:270)
at org.testng.internal.Parameters.createParametersForMethod(Parameters.java:358)
at org.testng.internal.Parameters.createParameters(Parameters.java:700)
at org.testng.internal.Parameters.createConfigurationParameters(Parameters.java:168)
at org.testng.internal.ConfigInvoker.invokeConfigurations(ConfigInvoker.java:302)
at org.testng.TestRunner.invokeTestConfigurations(TestRunner.java:637)
at org.testng.TestRunner.beforeRun(TestRunner.java:627)
at org.testng.TestRunner.run(TestRunner.java:589)
at org.testng.SuiteRunner.runTest(SuiteRunner.java:377)
at org.testng.SuiteRunner.runSequentially(SuiteRunner.java:371)
at org.testng.SuiteRunner.privateRun(SuiteRunner.java:332)
at org.testng.SuiteRunner.run(SuiteRunner.java:276)
at org.testng.SuiteRunnerWorker.runSuite(SuiteRunnerWorker.java:53)
at org.testng.SuiteRunnerWorker.run(SuiteRunnerWorker.java:96)
at org.testng.TestNG.runSuitesSequentially(TestNG.java:1212)
at org.testng.TestNG.runSuitesLocally(TestNG.java:1134)
at org.testng.TestNG.runSuites(TestNG.java:1063)
at org.testng.TestNG.run(TestNG.java:1031)
at org.testng.remote.AbstractRemoteTestNG.run(AbstractRemoteTestNG.java:115)
at org.testng.remote.RemoteTestNG.initAndRun(RemoteTestNG.java:251)
at org.testng.remote.RemoteTestNG.main(RemoteTestNG.java:77)
]]>
            </full-stacktrace>
          </exception> <!-- org.testng.TestNGException -->
          <reporter-output>
          </reporter-output>
        </test-method> <!-- toVerifyTaskTab -->
        <test-method is-config="true" signature="logoutFromActiTime(org.testng.ITestResult)[pri:0, instance:test.TestNGActiTimeHeader@5e82df6a]" started-at="2022-02-05T13:32:38 IST" name="logoutFromActiTime" finished-at="1970-01-01T05:30:00 IST" duration-ms="-1644048158091" status="SKIP">
          <reporter-output>
          </reporter-output>
        </test-method> <!-- logoutFromActiTime -->
        <test-method is-config="true" signature="launchActiTime()[pri:0, instance:test.TestNGActiTimeHeader@5e82df6a]" started-at="2022-02-05T13:32:38 IST" name="launchActiTime" finished-at="1970-01-01T05:30:00 IST" duration-ms="-1644048158099" status="SKIP">
          <reporter-output>
          </reporter-output>
        </test-method> <!-- launchActiTime -->
        <test-method signature="toVerifyUserTab()[pri:0, instance:test.TestNGActiTimeHeader@5e82df6a]" started-at="2022-02-05T13:32:38 IST" name="toVerifyUserTab" finished-at="2022-02-05T13:32:38 IST" duration-ms="0" status="SKIP">
          <exception class="org.testng.TestNGException">
            <message>
              <![CDATA[
Parameter 'browser' is required by BeforeTest on method launchBrowser but has not been marked @Optional or defined
in V:\Automation\Actitime-Application\testng.xml]]>
            </message>
            <full-stacktrace>
              <![CDATA[org.testng.TestNGException: 
Parameter 'browser' is required by BeforeTest on method launchBrowser but has not been marked @Optional or defined
in V:\Automation\Actitime-Application\testng.xml
at org.testng.internal.Parameters.createParams(Parameters.java:270)
at org.testng.internal.Parameters.createParametersForMethod(Parameters.java:358)
at org.testng.internal.Parameters.createParameters(Parameters.java:700)
at org.testng.internal.Parameters.createConfigurationParameters(Parameters.java:168)
at org.testng.internal.ConfigInvoker.invokeConfigurations(ConfigInvoker.java:302)
at org.testng.TestRunner.invokeTestConfigurations(TestRunner.java:637)
at org.testng.TestRunner.beforeRun(TestRunner.java:627)
at org.testng.TestRunner.run(TestRunner.java:589)
at org.testng.SuiteRunner.runTest(SuiteRunner.java:377)
at org.testng.SuiteRunner.runSequentially(SuiteRunner.java:371)
at org.testng.SuiteRunner.privateRun(SuiteRunner.java:332)
at org.testng.SuiteRunner.run(SuiteRunner.java:276)
at org.testng.SuiteRunnerWorker.runSuite(SuiteRunnerWorker.java:53)
at org.testng.SuiteRunnerWorker.run(SuiteRunnerWorker.java:96)
at org.testng.TestNG.runSuitesSequentially(TestNG.java:1212)
at org.testng.TestNG.runSuitesLocally(TestNG.java:1134)
at org.testng.TestNG.runSuites(TestNG.java:1063)
at org.testng.TestNG.run(TestNG.java:1031)
at org.testng.remote.AbstractRemoteTestNG.run(AbstractRemoteTestNG.java:115)
at org.testng.remote.RemoteTestNG.initAndRun(RemoteTestNG.java:251)
at org.testng.remote.RemoteTestNG.main(RemoteTestNG.java:77)
]]>
            </full-stacktrace>
          </exception> <!-- org.testng.TestNGException -->
          <reporter-output>
          </reporter-output>
        </test-method> <!-- toVerifyUserTab -->
        <test-method is-config="true" signature="logoutFromActiTime(org.testng.ITestResult)[pri:0, instance:test.TestNGActiTimeHeader@5e82df6a]" started-at="2022-02-05T13:32:38 IST" name="logoutFromActiTime" finished-at="1970-01-01T05:30:00 IST" duration-ms="-1644048158113" status="SKIP">
          <reporter-output>
          </reporter-output>
        </test-method> <!-- logoutFromActiTime -->
        <test-method is-config="true" signature="clearObjects()[pri:0, instance:test.TestNGActiTimeHeader@5e82df6a]" started-at="2022-02-05T13:32:38 IST" name="clearObjects" finished-at="1970-01-01T05:30:00 IST" duration-ms="-1644048158128" status="SKIP">
          <reporter-output>
          </reporter-output>
        </test-method> <!-- clearObjects -->
        <test-method is-config="true" signature="afterClass()[pri:0, instance:test.TestNGActiTimeHeader@5e82df6a]" started-at="2022-02-05T13:32:38 IST" name="afterClass" finished-at="1970-01-01T05:30:00 IST" duration-ms="-1644048158136" status="SKIP">
          <reporter-output>
          </reporter-output>
        </test-method> <!-- afterClass -->
      </class> <!-- test.TestNGActiTimeHeader -->
    </test> <!-- Test -->
  </suite> <!-- Suite -->
</testng-results>
